<?xml version="1.0" encoding="UTF-8"?>
<testsuite xmlns:xsi="http://www.w3.org/2001/XMLSchema-instance" xsi:schemaLocation="https://maven.apache.org/surefire/maven-surefire-plugin/xsd/surefire-test-report.xsd" name="com.aow.flooringprogram.dao.FlooringProgramDaoTest" time="0.345" tests="14" errors="0" skipped="0" failures="0">
  <properties>
[...]
</properties>
  <testcase name="testEditArea" classname="com.aow.flooringprogram.dao.FlooringProgramDaoTest" time="0.239"/>
  <testcase name="testEditDate" classname="com.aow.flooringprogram.dao.FlooringProgramDaoTest" time="0.027"/>
  <testcase name="testGetAvailableStates" classname="com.aow.flooringprogram.dao.FlooringProgramDaoTest" time="0.003"/>
  <testcase name="testEditState" classname="com.aow.flooringprogram.dao.FlooringProgramDaoTest" time="0.003"/>
  <testcase name="testGetAllTaxes" classname="com.aow.flooringprogram.dao.FlooringProgramDaoTest" time="0.002"/>
  <testcase name="testRemoveOrder" classname="com.aow.flooringprogram.dao.FlooringProgramDaoTest" time="0.003"/>
  <testcase name="testGetProductMap" classname="com.aow.flooringprogram.dao.FlooringProgramDaoTest" time="0.002"/>
  <testcase name="testEditCustomerName" classname="com.aow.flooringprogram.dao.FlooringProgramDaoTest" time="0.002"/>
  <testcase name="testEditProductType" classname="com.aow.flooringprogram.dao.FlooringProgramDaoTest" time="0.002"/>
  <testcase name="testAddGetOrder" classname="com.aow.flooringprogram.dao.FlooringProgramDaoTest" time="0.004"/>
  <testcase name="testGetAllOrders" classname="com.aow.flooringprogram.dao.FlooringProgramDaoTest" time="0.003"/>
  <testcase name="testGetTaxMap" classname="com.aow.flooringprogram.dao.FlooringProgramDaoTest" time="0.003"/>
  <testcase name="testGetAllProducts" classname="com.aow.flooringprogram.dao.FlooringProgramDaoTest" time="0.002"/>
  <testcase name="testGetOrdersByDate" classname="com.aow.flooringprogram.dao.FlooringProgramDaoTest" time="0.003"/>
</testsuite>